05/18/2021 02:19:03 PM: INFO: logging test
05/18/2021 02:20:17 PM: INFO: logging test
05/18/2021 02:21:09 PM: INFO: logging test
05/18/2021 02:23:04 PM: INFO: logging test
05/18/2021 02:24:03 PM: INFO: logging test
05/18/2021 02:24:50 PM: INFO: logging test
05/18/2021 02:56:55 PM: INFO: logging test
05/18/2021 03:04:58 PM: INFO: logging test
05/18/2021 03:06:16 PM: INFO: logging test
05/18/2021 03:07:31 PM: INFO: logging test
05/18/2021 03:26:15 PM: INFO: logging test
05/18/2021 03:30:23 PM: INFO: logging test
05/18/2021 03:31:49 PM: INFO: logging test
05/18/2021 03:33:15 PM: INFO: logging test
05/18/2021 03:34:42 PM: INFO: logging test
05/18/2021 03:38:29 PM: INFO: logging test
05/18/2021 03:39:09 PM: INFO: logging test
05/18/2021 03:40:21 PM: INFO: logging test
05/18/2021 03:41:16 PM: INFO: logging test
05/18/2021 03:43:34 PM: INFO: logging test
05/18/2021 03:48:27 PM: INFO: logging test
05/18/2021 03:56:10 PM: INFO: logging test with correct info
05/18/2021 03:58:27 PM: INFO: logging test with correct info
05/18/2021 03:59:58 PM: INFO: logging test with correct info
05/18/2021 04:00:24 PM: INFO: test_blank faile due to errorयो फिल्ड आवश्यक छ ।
05/18/2021 04:00:24 PM: INFO: test_blank faile due to errorयो फिल्ड आवश्यक छ ।
05/18/2021 04:00:34 PM: INFO: incorrect email faile due to errorयो ईमेल हाम्रो रेकर्डसँग मेल खाँदैन ।
05/18/2021 04:05:54 PM: INFO: logging test with correct info
05/18/2021 04:06:18 PM: INFO: test_blank faile due to errorयो फिल्ड आवश्यक छ ।
05/18/2021 04:06:18 PM: INFO: test_blank faile due to errorयो फिल्ड आवश्यक छ ।
05/18/2021 04:06:26 PM: INFO: incorrect email faile due to errorयो ईमेल हाम्रो रेकर्डसँग मेल खाँदैन ।
05/18/2021 04:08:53 PM: INFO: logging test with correct info
05/18/2021 04:09:18 PM: INFO: test_blank faile due to errorयो फिल्ड आवश्यक छ ।
05/18/2021 04:09:19 PM: INFO: test_blank faile due to errorयो फिल्ड आवश्यक छ ।
05/18/2021 04:09:26 PM: INFO: incorrect email faile due to errorयो ईमेल हाम्रो रेकर्डसँग मेल खाँदैन ।
05/19/2021 11:01:49 AM: INFO: logging test with correct info
05/19/2021 11:02:09 AM: INFO: test_blank faile due to errorयो फिल्ड आवश्यक छ ।
05/19/2021 11:02:09 AM: INFO: test_blank faile due to errorयो फिल्ड आवश्यक छ ।
05/19/2021 11:02:18 AM: INFO: incorrect email faile due to errorयो ईमेल हाम्रो रेकर्डसँग मेल खाँदैन ।
05/19/2021 11:03:26 AM: INFO: logging test with correct info
05/19/2021 11:03:45 AM: INFO: test_blank faile due to errorयो फिल्ड आवश्यक छ ।
05/19/2021 11:03:45 AM: INFO: test_blank faile due to errorयो फिल्ड आवश्यक छ ।
05/19/2021 11:03:55 AM: INFO: incorrect email faile due to errorयो ईमेल हाम्रो रेकर्डसँग मेल खाँदैन ।
05/20/2021 01:19:22 PM: INFO: logging test with correct info
05/20/2021 01:19:46 PM: INFO: test_blank faile due to errorयो फिल्ड आवश्यक छ ।
05/20/2021 01:19:46 PM: INFO: test_blank faile due to errorयो फिल्ड आवश्यक छ ।
05/20/2021 01:19:56 PM: INFO: incorrect email faile due to errorयो ईमेल हाम्रो रेकर्डसँग मेल खाँदैन ।
05/20/2021 01:22:36 PM: INFO: logging test with correct info
05/20/2021 01:23:00 PM: INFO: test_blank faile due to errorयो फिल्ड आवश्यक छ ।
05/20/2021 01:23:00 PM: INFO: test_blank faile due to errorयो फिल्ड आवश्यक छ ।
05/20/2021 01:23:09 PM: INFO: incorrect email faile due to errorयो ईमेल हाम्रो रेकर्डसँग मेल खाँदैन ।
05/20/2021 01:27:17 PM: INFO: logging test with correct info
05/20/2021 01:27:30 PM: INFO: incorrect email faile due to errorयो ईमेल हाम्रो रेकर्डसँग मेल खाँदैन ।
05/20/2021 01:27:32 PM: INFO: test_blank faile due to errorयो फिल्ड आवश्यक छ ।
05/20/2021 01:27:32 PM: INFO: test_blank faile due to errorयो फिल्ड आवश्यक छ ।
05/20/2021 01:28:12 PM: INFO: logging test with correct info
05/20/2021 01:28:20 PM: INFO: incorrect email faile due to errorयो ईमेल हाम्रो रेकर्डसँग मेल खाँदैन ।
05/20/2021 01:28:21 PM: INFO: test_blank faile due to errorयो फिल्ड आवश्यक छ ।
05/20/2021 01:28:21 PM: INFO: test_blank faile due to errorयो फिल्ड आवश्यक छ ।
05/20/2021 01:28:52 PM: INFO: logging test with correct info
05/20/2021 01:29:00 PM: INFO: incorrect email faile due to errorयो ईमेल हाम्रो रेकर्डसँग मेल खाँदैन ।
05/20/2021 01:29:01 PM: INFO: test_blank faile due to errorयो फिल्ड आवश्यक छ ।
05/20/2021 01:29:01 PM: INFO: test_blank faile due to errorयो फिल्ड आवश्यक छ ।
05/21/2021 10:29:03 AM: INFO: logging test with correct info
05/21/2021 10:29:19 AM: INFO: logging test with correct info
05/21/2021 10:29:25 AM: INFO: incorrect email faile due to errorयो ईमेल हाम्रो रेकर्डसँग मेल खाँदैन ।
05/21/2021 10:29:28 AM: INFO: test_blank faile due to errorयो फिल्ड आवश्यक छ ।
05/21/2021 10:29:28 AM: INFO: test_blank faile due to errorयो फिल्ड आवश्यक छ ।
05/21/2021 10:31:43 AM: INFO: logging test with correct info
05/21/2021 10:31:53 AM: INFO: test_blank faile due to errorयो फिल्ड आवश्यक छ ।
05/21/2021 10:31:53 AM: INFO: test_blank faile due to errorयो फिल्ड आवश्यक छ ।
05/21/2021 10:31:53 AM: INFO: incorrect email faile due to errorयो ईमेल हाम्रो रेकर्डसँग मेल खाँदैन ।
05/21/2021 10:36:25 AM: INFO: logging test with correct info
05/21/2021 10:36:33 AM: INFO: test_blank faile due to errorयो फिल्ड आवश्यक छ ।
05/21/2021 10:36:33 AM: INFO: test_blank faile due to errorयो फिल्ड आवश्यक छ ।
05/21/2021 10:36:36 AM: INFO: incorrect email faile due to errorयो ईमेल हाम्रो रेकर्डसँग मेल खाँदैन ।
05/21/2021 10:55:08 AM: INFO: logging test with correct info
05/21/2021 10:55:20 AM: INFO: test_blank faile due to errorयो फिल्ड आवश्यक छ ।
05/21/2021 10:55:20 AM: INFO: test_blank faile due to errorयो फिल्ड आवश्यक छ ।
05/21/2021 10:55:20 AM: INFO: incorrect email faile due to errorयो ईमेल हाम्रो रेकर्डसँग मेल खाँदैन ।
